{
  "stats": {
    "suites": 1,
    "tests": 4,
    "passes": 0,
    "pending": 0,
    "failures": 4,
    "start": "2025-11-05T15:03:12.711Z",
    "end": "2025-11-05T15:03:18.702Z",
    "duration": 5991,
    "testsRegistered": 4,
    "passPercent": 0,
    "pendingPercent": 0,
    "other": 0,
    "hasOther": false,
    "skipped": 0,
    "hasSkipped": false
  },
  "results": [
    {
      "uuid": "dd8f720e-92b2-4bd0-b8a7-57e08f2fa3f6",
      "title": "",
      "fullFile": "cypress/e2e/features/homeFooter.feature",
      "file": "cypress/e2e/features/homeFooter.feature",
      "beforeHooks": [],
      "afterHooks": [],
      "tests": [],
      "suites": [
        {
          "uuid": "e02718c6-9a7b-4fd9-9959-38c76f0bac56",
          "title": "Happy path - Home Page",
          "fullFile": "",
          "file": "",
          "beforeHooks": [],
          "afterHooks": [],
          "tests": [
            {
              "title": "facebook icon",
              "fullTitle": "Happy path - Home Page facebook icon",
              "timedOut": null,
              "duration": 435,
              "state": "failed",
              "speed": null,
              "pass": false,
              "fail": true,
              "pending": false,
              "context": null,
              "code": "var _a2, _b2, _c2, _d, _e;\nconst { remainingSteps, testCaseStartedId } = retrieveInternalSpecProperties();\ntaskTestCaseStarted(context, {\n  id: testCaseStartedId,\n  testCaseId,\n  attempt: attempt++,\n  timestamp: (0, messages_1.createTimestamp)()\n});\nwindow.testState = {\n  gherkinDocument,\n  pickles,\n  pickle\n};\nconst onAfterStep = (options) => {\n  var _a3, _b3, _c3;\n  const { testStepId, start, result } = options;\n  const end = (0, messages_1.createTimestamp)();\n  if (result === \"pending\" || result === \"skipped\") {\n    if (result === \"pending\") {\n      taskTestStepFinished(context, {\n        testStepId,\n        testCaseStartedId,\n        testStepResult: {\n          status: messages.TestStepResultStatus.PENDING,\n          duration: (0, messages_1.duration)(start, end)\n        },\n        timestamp: end\n      });\n    } else {\n      taskTestStepFinished(context, {\n        testStepId,\n        testCaseStartedId,\n        testStepResult: {\n          status: messages.TestStepResultStatus.SKIPPED,\n          duration: (0, messages_1.duration)(start, end)\n        },\n        timestamp: end\n      });\n    }\n    remainingSteps.shift();\n    for (const skippedStep of remainingSteps) {\n      const hookIdOrPickleStepId = (0, assertions_1.assertAndReturn)((_b3 = (_a3 = skippedStep.hook) === null || _a3 === void 0 ? void 0 : _a3.id) !== null && _b3 !== void 0 ? _b3 : (_c3 = skippedStep.pickleStep) === null || _c3 === void 0 ? void 0 : _c3.id, \"Expected a step to either be a hook or a pickleStep\");\n      const testStepId2 = getTestStepId({\n        context,\n        pickleId: pickle.id,\n        hookIdOrPickleStepId\n      });\n      taskTestStepStarted(context, {\n        testStepId: testStepId2,\n        testCaseStartedId,\n        timestamp: (0, messages_1.createTimestamp)()\n      });\n      taskTestStepFinished(context, {\n        testStepId: testStepId2,\n        testCaseStartedId,\n        testStepResult: {\n          status: messages.TestStepResultStatus.SKIPPED,\n          duration: {\n            seconds: 0,\n            nanos: 0\n          }\n        },\n        timestamp: (0, messages_1.createTimestamp)()\n      });\n    }\n    for (let i = 0, count = remainingSteps.length; i < count; i++) {\n      remainingSteps.pop();\n    }\n    cy.then(() => this.skip());\n  } else {\n    taskTestStepFinished(context, {\n      testStepId,\n      testCaseStartedId,\n      testStepResult: {\n        status: messages.TestStepResultStatus.PASSED,\n        duration: (0, messages_1.duration)(start, end)\n      },\n      timestamp: end\n    });\n    remainingSteps.shift();\n  }\n};\nfor (const step of steps) {\n  if (step.hook) {\n    const hook = step.hook;\n    const testStepId = getTestStepId({\n      context,\n      pickleId: pickle.id,\n      hookIdOrPickleStepId: hook.id\n    });\n    cy.then(() => {\n      delete window.testState.pickleStep;\n      const start = (0, messages_1.createTimestamp)();\n      internalProperties.currentStepStartedAt = start;\n      taskTestStepStarted(context, {\n        testStepId,\n        testCaseStartedId,\n        timestamp: start\n      });\n      return cy.wrap(start, { log: false });\n    }).then((start) => {\n      const options = {\n        pickle,\n        gherkinDocument,\n        testCaseStartedId\n      };\n      return (0, cypress_1.runStepWithLogGroup)({\n        fn: () => registry2.runCaseHook(this, hook, options),\n        keyword: hook.keyword,\n        text: createStepDescription(hook)\n      }).then((result) => {\n        return { start, result };\n      });\n    }).then(({ start, result }) => onAfterStep({ start, result, testStepId }));\n  } else if (step.pickleStep) {\n    const pickleStep = step.pickleStep;\n    const testStepId = getTestStepId({\n      context,\n      pickleId: pickle.id,\n      hookIdOrPickleStepId: pickleStep.id\n    });\n    const text = (0, assertions_1.assertAndReturn)(pickleStep.text, \"Expected pickle step to have a text\");\n    const scenarioStep = (0, assertions_1.assertAndReturn)(context.astIdsMap.get((0, assertions_1.assertAndReturn)((_a2 = pickleStep.astNodeIds) === null || _a2 === void 0 ? void 0 : _a2[0], \"Expected to find at least one astNodeId\")), `Expected to find scenario step associated with id = ${(_b2 = pickleStep.astNodeIds) === null || _b2 === void 0 ? void 0 : _b2[0]}`);\n    const argument = ((_c2 = pickleStep.argument) === null || _c2 === void 0 ? void 0 : _c2.dataTable) ? new data_table_1.default(pickleStep.argument.dataTable) : ((_e = (_d = pickleStep.argument) === null || _d === void 0 ? void 0 : _d.docString) === null || _e === void 0 ? void 0 : _e.content) ? pickleStep.argument.docString.content : void 0;\n    cy.then(() => {\n      window.testState.pickleStep = step.pickleStep;\n      const start = (0, messages_1.createTimestamp)();\n      internalProperties.currentStep = { pickleStep };\n      internalProperties.currentStepStartedAt = start;\n      taskTestStepStarted(context, {\n        testStepId,\n        testCaseStartedId,\n        timestamp: start\n      });\n      return cy.wrap(start, { log: false });\n    }).then((start) => {\n      const beforeStepHooks = registry2.resolveBeforeStepHooks(tags);\n      const afterStepHooks = registry2.resolveAfterStepHooks(tags);\n      const options = {\n        pickle,\n        pickleStep,\n        gherkinDocument,\n        testCaseStartedId,\n        testStepId\n      };\n      const beforeHooksChain = beforeStepHooks.reduce((chain, beforeStepHook) => {\n        return chain.then(() => (0, cypress_1.runStepWithLogGroup)({\n          keyword: \"BeforeStep\",\n          text: createStepDescription(beforeStepHook),\n          fn: () => registry2.runStepHook(this, beforeStepHook, options)\n        }));\n      }, cy.wrap({}, { log: false }));\n      return beforeHooksChain.then(() => {\n        try {\n          return (0, cypress_1.runStepWithLogGroup)({\n            keyword: (0, assertions_1.assertAndReturn)(\"keyword\" in scenarioStep && scenarioStep.keyword, \"Expected to find a keyword in the scenario step\"),\n            argument,\n            text,\n            fn: () => registry2.runStepDefininition(this, text, argument)\n          }).then((result) => {\n            return afterStepHooks.reduce((chain, afterStepHook) => {\n              return chain.then(() => (0, cypress_1.runStepWithLogGroup)({\n                keyword: \"AfterStep\",\n                text: createStepDescription(afterStepHook),\n                fn: () => registry2.runStepHook(this, afterStepHook, options)\n              }));\n            }, cy.wrap({}, { log: false })).then(() => {\n              return { start, result };\n            });\n          });\n        } catch (e) {\n          if (e instanceof registry_1.MissingDefinitionError) {\n            throw new Error(createMissingStepDefinitionMessage(context, pickleStep, context.registry.parameterTypeRegistry));\n          } else {\n            throw e;\n          }\n        }\n      });\n    }).then(({ start, result }) => onAfterStep({ start, result, testStepId }));\n  }\n}",
              "err": {
                "message": "Error: \nStep implementation missing for \"The user visits the Belden Home page7\".\n\nWe tried searching for files containing step definitions using the following search pattern templates:\n\n  - cypress/e2e/step_definitions/**/*.{js,ts}\n\nThese templates resolved to the following search patterns:\n\n  - cypress/e2e/step_definitions/**/*.{js,ts}\n\nThese patterns matched the following files:\n\n  - cypress/e2e/step_definitions/searchSteps.cy.js\n  - cypress/e2e/step_definitions/regressionSteps.cy.js\n  - cypress/e2e/step_definitions/patentsPOM.cy.js\n  - cypress/e2e/step_definitions/patentSteps.cy.js\n  - cypress/e2e/step_definitions/patentBFSteps.cy.js\n  - cypress/e2e/step_definitions/navigationSteps.cy.js\n  - cypress/e2e/step_definitions/homeUnlockingSuccessSteps.cy.js\n  - cypress/e2e/step_definitions/homeOurIndustriesSteps.cy.js\n  - cypress/e2e/step_definitions/homeHero-WhyWorkWithUsSteps.cy.js\n  - cypress/e2e/step_definitions/homeFooterSteps.cy.js\n  - cypress/e2e/step_definitions/homeFindASolutionSteps.cy.js\n  - cypress/e2e/step_definitions/homeCarouselSteps.cy.js\n  - cypress/e2e/step_definitions/homeC1KeyStatsSteps.cy.js\n  - cypress/e2e/step_definitions/findDistributorSteps.cy.js\n\nHowever, none of these files contained a step definition matching \"The user visits the Belden Home page7\".\n\nYou can implement it using the suggestion(s) below.\n\n  Given(\"The user visits the Belden Home page7\", function () {\n    return \"pending\";\n  });\n  ",
                "estack": "Error: \nStep implementation missing for \"The user visits the Belden Home page7\".\n\nWe tried searching for files containing step definitions using the following search pattern templates:\n\n  - cypress/e2e/step_definitions/**/*.{js,ts}\n\nThese templates resolved to the following search patterns:\n\n  - cypress/e2e/step_definitions/**/*.{js,ts}\n\nThese patterns matched the following files:\n\n  - cypress/e2e/step_definitions/searchSteps.cy.js\n  - cypress/e2e/step_definitions/regressionSteps.cy.js\n  - cypress/e2e/step_definitions/patentsPOM.cy.js\n  - cypress/e2e/step_definitions/patentSteps.cy.js\n  - cypress/e2e/step_definitions/patentBFSteps.cy.js\n  - cypress/e2e/step_definitions/navigationSteps.cy.js\n  - cypress/e2e/step_definitions/homeUnlockingSuccessSteps.cy.js\n  - cypress/e2e/step_definitions/homeOurIndustriesSteps.cy.js\n  - cypress/e2e/step_definitions/homeHero-WhyWorkWithUsSteps.cy.js\n  - cypress/e2e/step_definitions/homeFooterSteps.cy.js\n  - cypress/e2e/step_definitions/homeFindASolutionSteps.cy.js\n  - cypress/e2e/step_definitions/homeCarouselSteps.cy.js\n  - cypress/e2e/step_definitions/homeC1KeyStatsSteps.cy.js\n  - cypress/e2e/step_definitions/findDistributorSteps.cy.js\n\nHowever, none of these files contained a step definition matching \"The user visits the Belden Home page7\".\n\nYou can implement it using the suggestion(s) below.\n\n  Given(\"The user visits the Belden Home page7\", function () {\n    return \"pending\";\n  });\n  \n    at Context.eval (https://stage102.belden.com/__cypress/tests?p=cypress/e2e/features/homeFooter.feature:14729:29)",
                "diff": null
              },
              "uuid": "18e2edb3-577a-4e84-92b3-8d721f5b5d5c",
              "parentUUID": "e02718c6-9a7b-4fd9-9959-38c76f0bac56",
              "isHook": false,
              "skipped": false
            },
            {
              "title": "Quick links - contact us",
              "fullTitle": "Happy path - Home Page Quick links - contact us",
              "timedOut": null,
              "duration": 406,
              "state": "failed",
              "speed": null,
              "pass": false,
              "fail": true,
              "pending": false,
              "context": null,
              "code": "var _a2, _b2, _c2, _d, _e;\nconst { remainingSteps, testCaseStartedId } = retrieveInternalSpecProperties();\ntaskTestCaseStarted(context, {\n  id: testCaseStartedId,\n  testCaseId,\n  attempt: attempt++,\n  timestamp: (0, messages_1.createTimestamp)()\n});\nwindow.testState = {\n  gherkinDocument,\n  pickles,\n  pickle\n};\nconst onAfterStep = (options) => {\n  var _a3, _b3, _c3;\n  const { testStepId, start, result } = options;\n  const end = (0, messages_1.createTimestamp)();\n  if (result === \"pending\" || result === \"skipped\") {\n    if (result === \"pending\") {\n      taskTestStepFinished(context, {\n        testStepId,\n        testCaseStartedId,\n        testStepResult: {\n          status: messages.TestStepResultStatus.PENDING,\n          duration: (0, messages_1.duration)(start, end)\n        },\n        timestamp: end\n      });\n    } else {\n      taskTestStepFinished(context, {\n        testStepId,\n        testCaseStartedId,\n        testStepResult: {\n          status: messages.TestStepResultStatus.SKIPPED,\n          duration: (0, messages_1.duration)(start, end)\n        },\n        timestamp: end\n      });\n    }\n    remainingSteps.shift();\n    for (const skippedStep of remainingSteps) {\n      const hookIdOrPickleStepId = (0, assertions_1.assertAndReturn)((_b3 = (_a3 = skippedStep.hook) === null || _a3 === void 0 ? void 0 : _a3.id) !== null && _b3 !== void 0 ? _b3 : (_c3 = skippedStep.pickleStep) === null || _c3 === void 0 ? void 0 : _c3.id, \"Expected a step to either be a hook or a pickleStep\");\n      const testStepId2 = getTestStepId({\n        context,\n        pickleId: pickle.id,\n        hookIdOrPickleStepId\n      });\n      taskTestStepStarted(context, {\n        testStepId: testStepId2,\n        testCaseStartedId,\n        timestamp: (0, messages_1.createTimestamp)()\n      });\n      taskTestStepFinished(context, {\n        testStepId: testStepId2,\n        testCaseStartedId,\n        testStepResult: {\n          status: messages.TestStepResultStatus.SKIPPED,\n          duration: {\n            seconds: 0,\n            nanos: 0\n          }\n        },\n        timestamp: (0, messages_1.createTimestamp)()\n      });\n    }\n    for (let i = 0, count = remainingSteps.length; i < count; i++) {\n      remainingSteps.pop();\n    }\n    cy.then(() => this.skip());\n  } else {\n    taskTestStepFinished(context, {\n      testStepId,\n      testCaseStartedId,\n      testStepResult: {\n        status: messages.TestStepResultStatus.PASSED,\n        duration: (0, messages_1.duration)(start, end)\n      },\n      timestamp: end\n    });\n    remainingSteps.shift();\n  }\n};\nfor (const step of steps) {\n  if (step.hook) {\n    const hook = step.hook;\n    const testStepId = getTestStepId({\n      context,\n      pickleId: pickle.id,\n      hookIdOrPickleStepId: hook.id\n    });\n    cy.then(() => {\n      delete window.testState.pickleStep;\n      const start = (0, messages_1.createTimestamp)();\n      internalProperties.currentStepStartedAt = start;\n      taskTestStepStarted(context, {\n        testStepId,\n        testCaseStartedId,\n        timestamp: start\n      });\n      return cy.wrap(start, { log: false });\n    }).then((start) => {\n      const options = {\n        pickle,\n        gherkinDocument,\n        testCaseStartedId\n      };\n      return (0, cypress_1.runStepWithLogGroup)({\n        fn: () => registry2.runCaseHook(this, hook, options),\n        keyword: hook.keyword,\n        text: createStepDescription(hook)\n      }).then((result) => {\n        return { start, result };\n      });\n    }).then(({ start, result }) => onAfterStep({ start, result, testStepId }));\n  } else if (step.pickleStep) {\n    const pickleStep = step.pickleStep;\n    const testStepId = getTestStepId({\n      context,\n      pickleId: pickle.id,\n      hookIdOrPickleStepId: pickleStep.id\n    });\n    const text = (0, assertions_1.assertAndReturn)(pickleStep.text, \"Expected pickle step to have a text\");\n    const scenarioStep = (0, assertions_1.assertAndReturn)(context.astIdsMap.get((0, assertions_1.assertAndReturn)((_a2 = pickleStep.astNodeIds) === null || _a2 === void 0 ? void 0 : _a2[0], \"Expected to find at least one astNodeId\")), `Expected to find scenario step associated with id = ${(_b2 = pickleStep.astNodeIds) === null || _b2 === void 0 ? void 0 : _b2[0]}`);\n    const argument = ((_c2 = pickleStep.argument) === null || _c2 === void 0 ? void 0 : _c2.dataTable) ? new data_table_1.default(pickleStep.argument.dataTable) : ((_e = (_d = pickleStep.argument) === null || _d === void 0 ? void 0 : _d.docString) === null || _e === void 0 ? void 0 : _e.content) ? pickleStep.argument.docString.content : void 0;\n    cy.then(() => {\n      window.testState.pickleStep = step.pickleStep;\n      const start = (0, messages_1.createTimestamp)();\n      internalProperties.currentStep = { pickleStep };\n      internalProperties.currentStepStartedAt = start;\n      taskTestStepStarted(context, {\n        testStepId,\n        testCaseStartedId,\n        timestamp: start\n      });\n      return cy.wrap(start, { log: false });\n    }).then((start) => {\n      const beforeStepHooks = registry2.resolveBeforeStepHooks(tags);\n      const afterStepHooks = registry2.resolveAfterStepHooks(tags);\n      const options = {\n        pickle,\n        pickleStep,\n        gherkinDocument,\n        testCaseStartedId,\n        testStepId\n      };\n      const beforeHooksChain = beforeStepHooks.reduce((chain, beforeStepHook) => {\n        return chain.then(() => (0, cypress_1.runStepWithLogGroup)({\n          keyword: \"BeforeStep\",\n          text: createStepDescription(beforeStepHook),\n          fn: () => registry2.runStepHook(this, beforeStepHook, options)\n        }));\n      }, cy.wrap({}, { log: false }));\n      return beforeHooksChain.then(() => {\n        try {\n          return (0, cypress_1.runStepWithLogGroup)({\n            keyword: (0, assertions_1.assertAndReturn)(\"keyword\" in scenarioStep && scenarioStep.keyword, \"Expected to find a keyword in the scenario step\"),\n            argument,\n            text,\n            fn: () => registry2.runStepDefininition(this, text, argument)\n          }).then((result) => {\n            return afterStepHooks.reduce((chain, afterStepHook) => {\n              return chain.then(() => (0, cypress_1.runStepWithLogGroup)({\n                keyword: \"AfterStep\",\n                text: createStepDescription(afterStepHook),\n                fn: () => registry2.runStepHook(this, afterStepHook, options)\n              }));\n            }, cy.wrap({}, { log: false })).then(() => {\n              return { start, result };\n            });\n          });\n        } catch (e) {\n          if (e instanceof registry_1.MissingDefinitionError) {\n            throw new Error(createMissingStepDefinitionMessage(context, pickleStep, context.registry.parameterTypeRegistry));\n          } else {\n            throw e;\n          }\n        }\n      });\n    }).then(({ start, result }) => onAfterStep({ start, result, testStepId }));\n  }\n}",
              "err": {
                "message": "Error: \nStep implementation missing for \"The user visits the Belden Home page7\".\n\nWe tried searching for files containing step definitions using the following search pattern templates:\n\n  - cypress/e2e/step_definitions/**/*.{js,ts}\n\nThese templates resolved to the following search patterns:\n\n  - cypress/e2e/step_definitions/**/*.{js,ts}\n\nThese patterns matched the following files:\n\n  - cypress/e2e/step_definitions/searchSteps.cy.js\n  - cypress/e2e/step_definitions/regressionSteps.cy.js\n  - cypress/e2e/step_definitions/patentsPOM.cy.js\n  - cypress/e2e/step_definitions/patentSteps.cy.js\n  - cypress/e2e/step_definitions/patentBFSteps.cy.js\n  - cypress/e2e/step_definitions/navigationSteps.cy.js\n  - cypress/e2e/step_definitions/homeUnlockingSuccessSteps.cy.js\n  - cypress/e2e/step_definitions/homeOurIndustriesSteps.cy.js\n  - cypress/e2e/step_definitions/homeHero-WhyWorkWithUsSteps.cy.js\n  - cypress/e2e/step_definitions/homeFooterSteps.cy.js\n  - cypress/e2e/step_definitions/homeFindASolutionSteps.cy.js\n  - cypress/e2e/step_definitions/homeCarouselSteps.cy.js\n  - cypress/e2e/step_definitions/homeC1KeyStatsSteps.cy.js\n  - cypress/e2e/step_definitions/findDistributorSteps.cy.js\n\nHowever, none of these files contained a step definition matching \"The user visits the Belden Home page7\".\n\nYou can implement it using the suggestion(s) below.\n\n  Given(\"The user visits the Belden Home page7\", function () {\n    return \"pending\";\n  });\n  ",
                "estack": "Error: \nStep implementation missing for \"The user visits the Belden Home page7\".\n\nWe tried searching for files containing step definitions using the following search pattern templates:\n\n  - cypress/e2e/step_definitions/**/*.{js,ts}\n\nThese templates resolved to the following search patterns:\n\n  - cypress/e2e/step_definitions/**/*.{js,ts}\n\nThese patterns matched the following files:\n\n  - cypress/e2e/step_definitions/searchSteps.cy.js\n  - cypress/e2e/step_definitions/regressionSteps.cy.js\n  - cypress/e2e/step_definitions/patentsPOM.cy.js\n  - cypress/e2e/step_definitions/patentSteps.cy.js\n  - cypress/e2e/step_definitions/patentBFSteps.cy.js\n  - cypress/e2e/step_definitions/navigationSteps.cy.js\n  - cypress/e2e/step_definitions/homeUnlockingSuccessSteps.cy.js\n  - cypress/e2e/step_definitions/homeOurIndustriesSteps.cy.js\n  - cypress/e2e/step_definitions/homeHero-WhyWorkWithUsSteps.cy.js\n  - cypress/e2e/step_definitions/homeFooterSteps.cy.js\n  - cypress/e2e/step_definitions/homeFindASolutionSteps.cy.js\n  - cypress/e2e/step_definitions/homeCarouselSteps.cy.js\n  - cypress/e2e/step_definitions/homeC1KeyStatsSteps.cy.js\n  - cypress/e2e/step_definitions/findDistributorSteps.cy.js\n\nHowever, none of these files contained a step definition matching \"The user visits the Belden Home page7\".\n\nYou can implement it using the suggestion(s) below.\n\n  Given(\"The user visits the Belden Home page7\", function () {\n    return \"pending\";\n  });\n  \n    at Context.eval (https://stage102.belden.com/__cypress/tests?p=cypress/e2e/features/homeFooter.feature:14729:29)",
                "diff": null
              },
              "uuid": "4b268ca1-315b-4860-a092-6b2628b10d7f",
              "parentUUID": "e02718c6-9a7b-4fd9-9959-38c76f0bac56",
              "isHook": false,
              "skipped": false
            },
            {
              "title": "About belden - News",
              "fullTitle": "Happy path - Home Page About belden - News",
              "timedOut": null,
              "duration": 516,
              "state": "failed",
              "speed": null,
              "pass": false,
              "fail": true,
              "pending": false,
              "context": null,
              "code": "var _a2, _b2, _c2, _d, _e;\nconst { remainingSteps, testCaseStartedId } = retrieveInternalSpecProperties();\ntaskTestCaseStarted(context, {\n  id: testCaseStartedId,\n  testCaseId,\n  attempt: attempt++,\n  timestamp: (0, messages_1.createTimestamp)()\n});\nwindow.testState = {\n  gherkinDocument,\n  pickles,\n  pickle\n};\nconst onAfterStep = (options) => {\n  var _a3, _b3, _c3;\n  const { testStepId, start, result } = options;\n  const end = (0, messages_1.createTimestamp)();\n  if (result === \"pending\" || result === \"skipped\") {\n    if (result === \"pending\") {\n      taskTestStepFinished(context, {\n        testStepId,\n        testCaseStartedId,\n        testStepResult: {\n          status: messages.TestStepResultStatus.PENDING,\n          duration: (0, messages_1.duration)(start, end)\n        },\n        timestamp: end\n      });\n    } else {\n      taskTestStepFinished(context, {\n        testStepId,\n        testCaseStartedId,\n        testStepResult: {\n          status: messages.TestStepResultStatus.SKIPPED,\n          duration: (0, messages_1.duration)(start, end)\n        },\n        timestamp: end\n      });\n    }\n    remainingSteps.shift();\n    for (const skippedStep of remainingSteps) {\n      const hookIdOrPickleStepId = (0, assertions_1.assertAndReturn)((_b3 = (_a3 = skippedStep.hook) === null || _a3 === void 0 ? void 0 : _a3.id) !== null && _b3 !== void 0 ? _b3 : (_c3 = skippedStep.pickleStep) === null || _c3 === void 0 ? void 0 : _c3.id, \"Expected a step to either be a hook or a pickleStep\");\n      const testStepId2 = getTestStepId({\n        context,\n        pickleId: pickle.id,\n        hookIdOrPickleStepId\n      });\n      taskTestStepStarted(context, {\n        testStepId: testStepId2,\n        testCaseStartedId,\n        timestamp: (0, messages_1.createTimestamp)()\n      });\n      taskTestStepFinished(context, {\n        testStepId: testStepId2,\n        testCaseStartedId,\n        testStepResult: {\n          status: messages.TestStepResultStatus.SKIPPED,\n          duration: {\n            seconds: 0,\n            nanos: 0\n          }\n        },\n        timestamp: (0, messages_1.createTimestamp)()\n      });\n    }\n    for (let i = 0, count = remainingSteps.length; i < count; i++) {\n      remainingSteps.pop();\n    }\n    cy.then(() => this.skip());\n  } else {\n    taskTestStepFinished(context, {\n      testStepId,\n      testCaseStartedId,\n      testStepResult: {\n        status: messages.TestStepResultStatus.PASSED,\n        duration: (0, messages_1.duration)(start, end)\n      },\n      timestamp: end\n    });\n    remainingSteps.shift();\n  }\n};\nfor (const step of steps) {\n  if (step.hook) {\n    const hook = step.hook;\n    const testStepId = getTestStepId({\n      context,\n      pickleId: pickle.id,\n      hookIdOrPickleStepId: hook.id\n    });\n    cy.then(() => {\n      delete window.testState.pickleStep;\n      const start = (0, messages_1.createTimestamp)();\n      internalProperties.currentStepStartedAt = start;\n      taskTestStepStarted(context, {\n        testStepId,\n        testCaseStartedId,\n        timestamp: start\n      });\n      return cy.wrap(start, { log: false });\n    }).then((start) => {\n      const options = {\n        pickle,\n        gherkinDocument,\n        testCaseStartedId\n      };\n      return (0, cypress_1.runStepWithLogGroup)({\n        fn: () => registry2.runCaseHook(this, hook, options),\n        keyword: hook.keyword,\n        text: createStepDescription(hook)\n      }).then((result) => {\n        return { start, result };\n      });\n    }).then(({ start, result }) => onAfterStep({ start, result, testStepId }));\n  } else if (step.pickleStep) {\n    const pickleStep = step.pickleStep;\n    const testStepId = getTestStepId({\n      context,\n      pickleId: pickle.id,\n      hookIdOrPickleStepId: pickleStep.id\n    });\n    const text = (0, assertions_1.assertAndReturn)(pickleStep.text, \"Expected pickle step to have a text\");\n    const scenarioStep = (0, assertions_1.assertAndReturn)(context.astIdsMap.get((0, assertions_1.assertAndReturn)((_a2 = pickleStep.astNodeIds) === null || _a2 === void 0 ? void 0 : _a2[0], \"Expected to find at least one astNodeId\")), `Expected to find scenario step associated with id = ${(_b2 = pickleStep.astNodeIds) === null || _b2 === void 0 ? void 0 : _b2[0]}`);\n    const argument = ((_c2 = pickleStep.argument) === null || _c2 === void 0 ? void 0 : _c2.dataTable) ? new data_table_1.default(pickleStep.argument.dataTable) : ((_e = (_d = pickleStep.argument) === null || _d === void 0 ? void 0 : _d.docString) === null || _e === void 0 ? void 0 : _e.content) ? pickleStep.argument.docString.content : void 0;\n    cy.then(() => {\n      window.testState.pickleStep = step.pickleStep;\n      const start = (0, messages_1.createTimestamp)();\n      internalProperties.currentStep = { pickleStep };\n      internalProperties.currentStepStartedAt = start;\n      taskTestStepStarted(context, {\n        testStepId,\n        testCaseStartedId,\n        timestamp: start\n      });\n      return cy.wrap(start, { log: false });\n    }).then((start) => {\n      const beforeStepHooks = registry2.resolveBeforeStepHooks(tags);\n      const afterStepHooks = registry2.resolveAfterStepHooks(tags);\n      const options = {\n        pickle,\n        pickleStep,\n        gherkinDocument,\n        testCaseStartedId,\n        testStepId\n      };\n      const beforeHooksChain = beforeStepHooks.reduce((chain, beforeStepHook) => {\n        return chain.then(() => (0, cypress_1.runStepWithLogGroup)({\n          keyword: \"BeforeStep\",\n          text: createStepDescription(beforeStepHook),\n          fn: () => registry2.runStepHook(this, beforeStepHook, options)\n        }));\n      }, cy.wrap({}, { log: false }));\n      return beforeHooksChain.then(() => {\n        try {\n          return (0, cypress_1.runStepWithLogGroup)({\n            keyword: (0, assertions_1.assertAndReturn)(\"keyword\" in scenarioStep && scenarioStep.keyword, \"Expected to find a keyword in the scenario step\"),\n            argument,\n            text,\n            fn: () => registry2.runStepDefininition(this, text, argument)\n          }).then((result) => {\n            return afterStepHooks.reduce((chain, afterStepHook) => {\n              return chain.then(() => (0, cypress_1.runStepWithLogGroup)({\n                keyword: \"AfterStep\",\n                text: createStepDescription(afterStepHook),\n                fn: () => registry2.runStepHook(this, afterStepHook, options)\n              }));\n            }, cy.wrap({}, { log: false })).then(() => {\n              return { start, result };\n            });\n          });\n        } catch (e) {\n          if (e instanceof registry_1.MissingDefinitionError) {\n            throw new Error(createMissingStepDefinitionMessage(context, pickleStep, context.registry.parameterTypeRegistry));\n          } else {\n            throw e;\n          }\n        }\n      });\n    }).then(({ start, result }) => onAfterStep({ start, result, testStepId }));\n  }\n}",
              "err": {
                "message": "Error: \nStep implementation missing for \"The user visits the Belden Home page7\".\n\nWe tried searching for files containing step definitions using the following search pattern templates:\n\n  - cypress/e2e/step_definitions/**/*.{js,ts}\n\nThese templates resolved to the following search patterns:\n\n  - cypress/e2e/step_definitions/**/*.{js,ts}\n\nThese patterns matched the following files:\n\n  - cypress/e2e/step_definitions/searchSteps.cy.js\n  - cypress/e2e/step_definitions/regressionSteps.cy.js\n  - cypress/e2e/step_definitions/patentsPOM.cy.js\n  - cypress/e2e/step_definitions/patentSteps.cy.js\n  - cypress/e2e/step_definitions/patentBFSteps.cy.js\n  - cypress/e2e/step_definitions/navigationSteps.cy.js\n  - cypress/e2e/step_definitions/homeUnlockingSuccessSteps.cy.js\n  - cypress/e2e/step_definitions/homeOurIndustriesSteps.cy.js\n  - cypress/e2e/step_definitions/homeHero-WhyWorkWithUsSteps.cy.js\n  - cypress/e2e/step_definitions/homeFooterSteps.cy.js\n  - cypress/e2e/step_definitions/homeFindASolutionSteps.cy.js\n  - cypress/e2e/step_definitions/homeCarouselSteps.cy.js\n  - cypress/e2e/step_definitions/homeC1KeyStatsSteps.cy.js\n  - cypress/e2e/step_definitions/findDistributorSteps.cy.js\n\nHowever, none of these files contained a step definition matching \"The user visits the Belden Home page7\".\n\nYou can implement it using the suggestion(s) below.\n\n  Given(\"The user visits the Belden Home page7\", function () {\n    return \"pending\";\n  });\n  ",
                "estack": "Error: \nStep implementation missing for \"The user visits the Belden Home page7\".\n\nWe tried searching for files containing step definitions using the following search pattern templates:\n\n  - cypress/e2e/step_definitions/**/*.{js,ts}\n\nThese templates resolved to the following search patterns:\n\n  - cypress/e2e/step_definitions/**/*.{js,ts}\n\nThese patterns matched the following files:\n\n  - cypress/e2e/step_definitions/searchSteps.cy.js\n  - cypress/e2e/step_definitions/regressionSteps.cy.js\n  - cypress/e2e/step_definitions/patentsPOM.cy.js\n  - cypress/e2e/step_definitions/patentSteps.cy.js\n  - cypress/e2e/step_definitions/patentBFSteps.cy.js\n  - cypress/e2e/step_definitions/navigationSteps.cy.js\n  - cypress/e2e/step_definitions/homeUnlockingSuccessSteps.cy.js\n  - cypress/e2e/step_definitions/homeOurIndustriesSteps.cy.js\n  - cypress/e2e/step_definitions/homeHero-WhyWorkWithUsSteps.cy.js\n  - cypress/e2e/step_definitions/homeFooterSteps.cy.js\n  - cypress/e2e/step_definitions/homeFindASolutionSteps.cy.js\n  - cypress/e2e/step_definitions/homeCarouselSteps.cy.js\n  - cypress/e2e/step_definitions/homeC1KeyStatsSteps.cy.js\n  - cypress/e2e/step_definitions/findDistributorSteps.cy.js\n\nHowever, none of these files contained a step definition matching \"The user visits the Belden Home page7\".\n\nYou can implement it using the suggestion(s) below.\n\n  Given(\"The user visits the Belden Home page7\", function () {\n    return \"pending\";\n  });\n  \n    at Context.eval (https://stage102.belden.com/__cypress/tests?p=cypress/e2e/features/homeFooter.feature:14729:29)",
                "diff": null
              },
              "uuid": "e213e7bc-9ad5-4843-9ffc-b2a1b0356d5e",
              "parentUUID": "e02718c6-9a7b-4fd9-9959-38c76f0bac56",
              "isHook": false,
              "skipped": false
            },
            {
              "title": "Privacy Policy",
              "fullTitle": "Happy path - Home Page Privacy Policy",
              "timedOut": null,
              "duration": 505,
              "state": "failed",
              "speed": null,
              "pass": false,
              "fail": true,
              "pending": false,
              "context": null,
              "code": "var _a2, _b2, _c2, _d, _e;\nconst { remainingSteps, testCaseStartedId } = retrieveInternalSpecProperties();\ntaskTestCaseStarted(context, {\n  id: testCaseStartedId,\n  testCaseId,\n  attempt: attempt++,\n  timestamp: (0, messages_1.createTimestamp)()\n});\nwindow.testState = {\n  gherkinDocument,\n  pickles,\n  pickle\n};\nconst onAfterStep = (options) => {\n  var _a3, _b3, _c3;\n  const { testStepId, start, result } = options;\n  const end = (0, messages_1.createTimestamp)();\n  if (result === \"pending\" || result === \"skipped\") {\n    if (result === \"pending\") {\n      taskTestStepFinished(context, {\n        testStepId,\n        testCaseStartedId,\n        testStepResult: {\n          status: messages.TestStepResultStatus.PENDING,\n          duration: (0, messages_1.duration)(start, end)\n        },\n        timestamp: end\n      });\n    } else {\n      taskTestStepFinished(context, {\n        testStepId,\n        testCaseStartedId,\n        testStepResult: {\n          status: messages.TestStepResultStatus.SKIPPED,\n          duration: (0, messages_1.duration)(start, end)\n        },\n        timestamp: end\n      });\n    }\n    remainingSteps.shift();\n    for (const skippedStep of remainingSteps) {\n      const hookIdOrPickleStepId = (0, assertions_1.assertAndReturn)((_b3 = (_a3 = skippedStep.hook) === null || _a3 === void 0 ? void 0 : _a3.id) !== null && _b3 !== void 0 ? _b3 : (_c3 = skippedStep.pickleStep) === null || _c3 === void 0 ? void 0 : _c3.id, \"Expected a step to either be a hook or a pickleStep\");\n      const testStepId2 = getTestStepId({\n        context,\n        pickleId: pickle.id,\n        hookIdOrPickleStepId\n      });\n      taskTestStepStarted(context, {\n        testStepId: testStepId2,\n        testCaseStartedId,\n        timestamp: (0, messages_1.createTimestamp)()\n      });\n      taskTestStepFinished(context, {\n        testStepId: testStepId2,\n        testCaseStartedId,\n        testStepResult: {\n          status: messages.TestStepResultStatus.SKIPPED,\n          duration: {\n            seconds: 0,\n            nanos: 0\n          }\n        },\n        timestamp: (0, messages_1.createTimestamp)()\n      });\n    }\n    for (let i = 0, count = remainingSteps.length; i < count; i++) {\n      remainingSteps.pop();\n    }\n    cy.then(() => this.skip());\n  } else {\n    taskTestStepFinished(context, {\n      testStepId,\n      testCaseStartedId,\n      testStepResult: {\n        status: messages.TestStepResultStatus.PASSED,\n        duration: (0, messages_1.duration)(start, end)\n      },\n      timestamp: end\n    });\n    remainingSteps.shift();\n  }\n};\nfor (const step of steps) {\n  if (step.hook) {\n    const hook = step.hook;\n    const testStepId = getTestStepId({\n      context,\n      pickleId: pickle.id,\n      hookIdOrPickleStepId: hook.id\n    });\n    cy.then(() => {\n      delete window.testState.pickleStep;\n      const start = (0, messages_1.createTimestamp)();\n      internalProperties.currentStepStartedAt = start;\n      taskTestStepStarted(context, {\n        testStepId,\n        testCaseStartedId,\n        timestamp: start\n      });\n      return cy.wrap(start, { log: false });\n    }).then((start) => {\n      const options = {\n        pickle,\n        gherkinDocument,\n        testCaseStartedId\n      };\n      return (0, cypress_1.runStepWithLogGroup)({\n        fn: () => registry2.runCaseHook(this, hook, options),\n        keyword: hook.keyword,\n        text: createStepDescription(hook)\n      }).then((result) => {\n        return { start, result };\n      });\n    }).then(({ start, result }) => onAfterStep({ start, result, testStepId }));\n  } else if (step.pickleStep) {\n    const pickleStep = step.pickleStep;\n    const testStepId = getTestStepId({\n      context,\n      pickleId: pickle.id,\n      hookIdOrPickleStepId: pickleStep.id\n    });\n    const text = (0, assertions_1.assertAndReturn)(pickleStep.text, \"Expected pickle step to have a text\");\n    const scenarioStep = (0, assertions_1.assertAndReturn)(context.astIdsMap.get((0, assertions_1.assertAndReturn)((_a2 = pickleStep.astNodeIds) === null || _a2 === void 0 ? void 0 : _a2[0], \"Expected to find at least one astNodeId\")), `Expected to find scenario step associated with id = ${(_b2 = pickleStep.astNodeIds) === null || _b2 === void 0 ? void 0 : _b2[0]}`);\n    const argument = ((_c2 = pickleStep.argument) === null || _c2 === void 0 ? void 0 : _c2.dataTable) ? new data_table_1.default(pickleStep.argument.dataTable) : ((_e = (_d = pickleStep.argument) === null || _d === void 0 ? void 0 : _d.docString) === null || _e === void 0 ? void 0 : _e.content) ? pickleStep.argument.docString.content : void 0;\n    cy.then(() => {\n      window.testState.pickleStep = step.pickleStep;\n      const start = (0, messages_1.createTimestamp)();\n      internalProperties.currentStep = { pickleStep };\n      internalProperties.currentStepStartedAt = start;\n      taskTestStepStarted(context, {\n        testStepId,\n        testCaseStartedId,\n        timestamp: start\n      });\n      return cy.wrap(start, { log: false });\n    }).then((start) => {\n      const beforeStepHooks = registry2.resolveBeforeStepHooks(tags);\n      const afterStepHooks = registry2.resolveAfterStepHooks(tags);\n      const options = {\n        pickle,\n        pickleStep,\n        gherkinDocument,\n        testCaseStartedId,\n        testStepId\n      };\n      const beforeHooksChain = beforeStepHooks.reduce((chain, beforeStepHook) => {\n        return chain.then(() => (0, cypress_1.runStepWithLogGroup)({\n          keyword: \"BeforeStep\",\n          text: createStepDescription(beforeStepHook),\n          fn: () => registry2.runStepHook(this, beforeStepHook, options)\n        }));\n      }, cy.wrap({}, { log: false }));\n      return beforeHooksChain.then(() => {\n        try {\n          return (0, cypress_1.runStepWithLogGroup)({\n            keyword: (0, assertions_1.assertAndReturn)(\"keyword\" in scenarioStep && scenarioStep.keyword, \"Expected to find a keyword in the scenario step\"),\n            argument,\n            text,\n            fn: () => registry2.runStepDefininition(this, text, argument)\n          }).then((result) => {\n            return afterStepHooks.reduce((chain, afterStepHook) => {\n              return chain.then(() => (0, cypress_1.runStepWithLogGroup)({\n                keyword: \"AfterStep\",\n                text: createStepDescription(afterStepHook),\n                fn: () => registry2.runStepHook(this, afterStepHook, options)\n              }));\n            }, cy.wrap({}, { log: false })).then(() => {\n              return { start, result };\n            });\n          });\n        } catch (e) {\n          if (e instanceof registry_1.MissingDefinitionError) {\n            throw new Error(createMissingStepDefinitionMessage(context, pickleStep, context.registry.parameterTypeRegistry));\n          } else {\n            throw e;\n          }\n        }\n      });\n    }).then(({ start, result }) => onAfterStep({ start, result, testStepId }));\n  }\n}",
              "err": {
                "message": "Error: \nStep implementation missing for \"The user visits the Belden Home page7\".\n\nWe tried searching for files containing step definitions using the following search pattern templates:\n\n  - cypress/e2e/step_definitions/**/*.{js,ts}\n\nThese templates resolved to the following search patterns:\n\n  - cypress/e2e/step_definitions/**/*.{js,ts}\n\nThese patterns matched the following files:\n\n  - cypress/e2e/step_definitions/searchSteps.cy.js\n  - cypress/e2e/step_definitions/regressionSteps.cy.js\n  - cypress/e2e/step_definitions/patentsPOM.cy.js\n  - cypress/e2e/step_definitions/patentSteps.cy.js\n  - cypress/e2e/step_definitions/patentBFSteps.cy.js\n  - cypress/e2e/step_definitions/navigationSteps.cy.js\n  - cypress/e2e/step_definitions/homeUnlockingSuccessSteps.cy.js\n  - cypress/e2e/step_definitions/homeOurIndustriesSteps.cy.js\n  - cypress/e2e/step_definitions/homeHero-WhyWorkWithUsSteps.cy.js\n  - cypress/e2e/step_definitions/homeFooterSteps.cy.js\n  - cypress/e2e/step_definitions/homeFindASolutionSteps.cy.js\n  - cypress/e2e/step_definitions/homeCarouselSteps.cy.js\n  - cypress/e2e/step_definitions/homeC1KeyStatsSteps.cy.js\n  - cypress/e2e/step_definitions/findDistributorSteps.cy.js\n\nHowever, none of these files contained a step definition matching \"The user visits the Belden Home page7\".\n\nYou can implement it using the suggestion(s) below.\n\n  Given(\"The user visits the Belden Home page7\", function () {\n    return \"pending\";\n  });\n  ",
                "estack": "Error: \nStep implementation missing for \"The user visits the Belden Home page7\".\n\nWe tried searching for files containing step definitions using the following search pattern templates:\n\n  - cypress/e2e/step_definitions/**/*.{js,ts}\n\nThese templates resolved to the following search patterns:\n\n  - cypress/e2e/step_definitions/**/*.{js,ts}\n\nThese patterns matched the following files:\n\n  - cypress/e2e/step_definitions/searchSteps.cy.js\n  - cypress/e2e/step_definitions/regressionSteps.cy.js\n  - cypress/e2e/step_definitions/patentsPOM.cy.js\n  - cypress/e2e/step_definitions/patentSteps.cy.js\n  - cypress/e2e/step_definitions/patentBFSteps.cy.js\n  - cypress/e2e/step_definitions/navigationSteps.cy.js\n  - cypress/e2e/step_definitions/homeUnlockingSuccessSteps.cy.js\n  - cypress/e2e/step_definitions/homeOurIndustriesSteps.cy.js\n  - cypress/e2e/step_definitions/homeHero-WhyWorkWithUsSteps.cy.js\n  - cypress/e2e/step_definitions/homeFooterSteps.cy.js\n  - cypress/e2e/step_definitions/homeFindASolutionSteps.cy.js\n  - cypress/e2e/step_definitions/homeCarouselSteps.cy.js\n  - cypress/e2e/step_definitions/homeC1KeyStatsSteps.cy.js\n  - cypress/e2e/step_definitions/findDistributorSteps.cy.js\n\nHowever, none of these files contained a step definition matching \"The user visits the Belden Home page7\".\n\nYou can implement it using the suggestion(s) below.\n\n  Given(\"The user visits the Belden Home page7\", function () {\n    return \"pending\";\n  });\n  \n    at Context.eval (https://stage102.belden.com/__cypress/tests?p=cypress/e2e/features/homeFooter.feature:14729:29)",
                "diff": null
              },
              "uuid": "c87d1b60-03d8-4ac8-88ed-4a7a7a252f39",
              "parentUUID": "e02718c6-9a7b-4fd9-9959-38c76f0bac56",
              "isHook": false,
              "skipped": false
            }
          ],
          "suites": [],
          "passes": [],
          "failures": [
            "18e2edb3-577a-4e84-92b3-8d721f5b5d5c",
            "4b268ca1-315b-4860-a092-6b2628b10d7f",
            "e213e7bc-9ad5-4843-9ffc-b2a1b0356d5e",
            "c87d1b60-03d8-4ac8-88ed-4a7a7a252f39"
          ],
          "pending": [],
          "skipped": [],
          "duration": 1862,
          "root": false,
          "rootEmpty": false,
          "_timeout": 2000
        }
      ],
      "passes": [],
      "failures": [],
      "pending": [],
      "skipped": [],
      "duration": 0,
      "root": true,
      "rootEmpty": true,
      "_timeout": 2000
    }
  ],
  "meta": {
    "mocha": {
      "version": "7.0.1"
    },
    "mochawesome": {
      "options": {
        "quiet": false,
        "reportFilename": "[name]-[status]",
        "saveHtml": true,
        "saveJson": true,
        "consoleReporter": "spec",
        "useInlineDiffs": false,
        "code": true
      },
      "version": "7.1.4"
    },
    "marge": {
      "options": {
        "id": "default",
        "reportDir": "cypress/results/mochawesome",
        "overwrite": false,
        "html": true,
        "json": true,
        "reportFilename": "[name]-[status]",
        "timestamp": "yyyy-mm-dd_HH-MM-ss"
      },
      "version": "6.3.0"
    }
  }
}