<?xml version="1.0" encoding="UTF-8"?>
<testsuites name="Mocha Tests" time="12.395" tests="1" failures="0">
  <testsuite name="Root Suite" timestamp="2025-09-30T14:43:14" tests="0" file="cypress/e2e/features/patent.feature" time="0.000" failures="0">
  </testsuite>
  <testsuite name="Verify Patents Page" timestamp="2025-09-30T14:43:14" tests="1" time="12.360" failures="0">
    <testcase name="Verify Patents Page Verify Patents Page" time="12.138" classname="Verify Patents Page">
    </testcase>
  </testsuite>
</testsuites>